{"C:\\Users\\dedll\\Desktop\\pos-platform\\pos-platform\\pos\\backend-api\\src\\routes\\license.js": {"path":"C:\\Users\\dedll\\Desktop\\pos-platform\\pos-platform\\pos\\backend-api\\src\\routes\\license.js","statementMap":{"0":{"start":{"line":3,"column":16},"end":{"line":3,"column":34}},"1":{"start":{"line":4,"column":16},"end":{"line":4,"column":33}},"2":{"start":{"line":5,"column":16},"end":{"line":5,"column":30}},"3":{"start":{"line":7,"column":25},"end":{"line":7,"column":48}},"4":{"start":{"line":8,"column":25},"end":{"line":8,"column":54}},"5":{"start":{"line":9,"column":24},"end":{"line":9,"column":60}},"6":{"start":{"line":10,"column":32},"end":{"line":10,"column":61}},"7":{"start":{"line":11,"column":26},"end":{"line":11,"column":61}},"8":{"start":{"line":16,"column":22},"end":{"line":16,"column":38}},"9":{"start":{"line":20,"column":0},"end":{"line":68,"column":3}},"10":{"start":{"line":21,"column":26},"end":{"line":21,"column":34}},"11":{"start":{"line":23,"column":19},"end":{"line":32,"column":5}},"12":{"start":{"line":34,"column":4},"end":{"line":36,"column":5}},"13":{"start":{"line":35,"column":8},"end":{"line":35,"column":67}},"14":{"start":{"line":38,"column":16},"end":{"line":38,"column":30}},"15":{"start":{"line":41,"column":25},"end":{"line":41,"column":29}},"16":{"start":{"line":42,"column":4},"end":{"line":44,"column":5}},"17":{"start":{"line":43,"column":8},"end":{"line":43,"column":59}},"18":{"start":{"line":47,"column":4},"end":{"line":51,"column":6}},"19":{"start":{"line":53,"column":4},"end":{"line":67,"column":7}},"20":{"start":{"line":71,"column":0},"end":{"line":81,"column":3}},"21":{"start":{"line":72,"column":26},"end":{"line":72,"column":34}},"22":{"start":{"line":74,"column":19},"end":{"line":78,"column":5}},"23":{"start":{"line":80,"column":4},"end":{"line":80,"column":42}},"24":{"start":{"line":89,"column":22},"end":{"line":89,"column":51}},"25":{"start":{"line":90,"column":23},"end":{"line":90,"column":44}},"26":{"start":{"line":91,"column":19},"end":{"line":91,"column":52}},"27":{"start":{"line":93,"column":4},"end":{"line":93,"column":73}},"28":{"start":{"line":93,"column":17},"end":{"line":93,"column":73}},"29":{"start":{"line":95,"column":20},"end":{"line":95,"column":59}},"30":{"start":{"line":96,"column":22},"end":{"line":99,"column":22}},"31":{"start":{"line":101,"column":4},"end":{"line":101,"column":92}},"32":{"start":{"line":107,"column":19},"end":{"line":107,"column":35}},"33":{"start":{"line":110,"column":44},"end":{"line":110,"column":73}},"34":{"start":{"line":111,"column":0},"end":{"line":149,"column":3}},"35":{"start":{"line":112,"column":26},"end":{"line":112,"column":34}},"36":{"start":{"line":114,"column":25},"end":{"line":118,"column":5}},"37":{"start":{"line":120,"column":19},"end":{"line":120,"column":39}},"38":{"start":{"line":121,"column":4},"end":{"line":121,"column":76}},"39":{"start":{"line":121,"column":17},"end":{"line":121,"column":76}},"40":{"start":{"line":124,"column":4},"end":{"line":128,"column":6}},"41":{"start":{"line":130,"column":25},"end":{"line":130,"column":29}},"42":{"start":{"line":131,"column":4},"end":{"line":133,"column":5}},"43":{"start":{"line":132,"column":8},"end":{"line":132,"column":59}},"44":{"start":{"line":135,"column":26},"end":{"line":139,"column":5}},"45":{"start":{"line":140,"column":20},"end":{"line":140,"column":47}},"46":{"start":{"line":142,"column":4},"end":{"line":148,"column":7}},"47":{"start":{"line":152,"column":31},"end":{"line":172,"column":2}},"48":{"start":{"line":174,"column":0},"end":{"line":235,"column":3}},"49":{"start":{"line":175,"column":26},"end":{"line":175,"column":34}},"50":{"start":{"line":176,"column":19},"end":{"line":176,"column":61}},"51":{"start":{"line":177,"column":4},"end":{"line":179,"column":5}},"52":{"start":{"line":178,"column":8},"end":{"line":178,"column":99}},"53":{"start":{"line":181,"column":29},"end":{"line":181,"column":40}},"54":{"start":{"line":182,"column":21},"end":{"line":182,"column":23}},"55":{"start":{"line":183,"column":21},"end":{"line":183,"column":23}},"56":{"start":{"line":185,"column":34},"end":{"line":185,"column":57}},"57":{"start":{"line":186,"column":27},"end":{"line":186,"column":42}},"58":{"start":{"line":188,"column":4},"end":{"line":232,"column":5}},"59":{"start":{"line":189,"column":8},"end":{"line":231,"column":9}},"60":{"start":{"line":190,"column":12},"end":{"line":226,"column":26}},"61":{"start":{"line":192,"column":30},"end":{"line":203,"column":17}},"62":{"start":{"line":205,"column":16},"end":{"line":205,"column":49}},"63":{"start":{"line":205,"column":42},"end":{"line":205,"column":49}},"64":{"start":{"line":208,"column":16},"end":{"line":225,"column":17}},"65":{"start":{"line":209,"column":20},"end":{"line":213,"column":22}},"66":{"start":{"line":215,"column":37},"end":{"line":220,"column":21}},"67":{"start":{"line":222,"column":20},"end":{"line":224,"column":21}},"68":{"start":{"line":223,"column":24},"end":{"line":223,"column":62}},"69":{"start":{"line":228,"column":12},"end":{"line":228,"column":41}},"70":{"start":{"line":230,"column":12},"end":{"line":230,"column":78}},"71":{"start":{"line":234,"column":4},"end":{"line":234,"column":44}},"72":{"start":{"line":238,"column":0},"end":{"line":256,"column":3}},"73":{"start":{"line":239,"column":26},"end":{"line":239,"column":34}},"74":{"start":{"line":240,"column":18},"end":{"line":240,"column":33}},"75":{"start":{"line":242,"column":19},"end":{"line":253,"column":5}},"76":{"start":{"line":255,"column":4},"end":{"line":255,"column":84}},"77":{"start":{"line":258,"column":0},"end":{"line":258,"column":47}}},"fnMap":{"0":{"name":"(anonymous_0)","decl":{"start":{"line":20,"column":41},"end":{"line":20,"column":42}},"loc":{"start":{"line":20,"column":61},"end":{"line":68,"column":1}},"line":20},"1":{"name":"(anonymous_1)","decl":{"start":{"line":71,"column":43},"end":{"line":71,"column":44}},"loc":{"start":{"line":71,"column":63},"end":{"line":81,"column":1}},"line":71},"2":{"name":"generateHandshakeToken","decl":{"start":{"line":88,"column":9},"end":{"line":88,"column":31}},"loc":{"start":{"line":88,"column":42},"end":{"line":102,"column":1}},"line":88},"3":{"name":"(anonymous_3)","decl":{"start":{"line":111,"column":55},"end":{"line":111,"column":56}},"loc":{"start":{"line":111,"column":75},"end":{"line":149,"column":1}},"line":111},"4":{"name":"(anonymous_4)","decl":{"start":{"line":174,"column":58},"end":{"line":174,"column":59}},"loc":{"start":{"line":174,"column":78},"end":{"line":235,"column":1}},"line":174},"5":{"name":"(anonymous_5)","decl":{"start":{"line":190,"column":36},"end":{"line":190,"column":37}},"loc":{"start":{"line":190,"column":54},"end":{"line":226,"column":13}},"line":190},"6":{"name":"(anonymous_6)","decl":{"start":{"line":238,"column":41},"end":{"line":238,"column":42}},"loc":{"start":{"line":238,"column":61},"end":{"line":256,"column":1}},"line":238}},"branchMap":{"0":{"loc":{"start":{"line":34,"column":4},"end":{"line":36,"column":5}},"type":"if","locations":[{"start":{"line":34,"column":4},"end":{"line":36,"column":5}},{"start":{},"end":{}}],"line":34},"1":{"loc":{"start":{"line":42,"column":4},"end":{"line":44,"column":5}},"type":"if","locations":[{"start":{"line":42,"column":4},"end":{"line":44,"column":5}},{"start":{},"end":{}}],"line":42},"2":{"loc":{"start":{"line":42,"column":8},"end":{"line":42,"column":76}},"type":"binary-expr","locations":[{"start":{"line":42,"column":8},"end":{"line":42,"column":39}},{"start":{"line":42,"column":43},"end":{"line":42,"column":76}}],"line":42},"3":{"loc":{"start":{"line":80,"column":20},"end":{"line":80,"column":40}},"type":"binary-expr","locations":[{"start":{"line":80,"column":20},"end":{"line":80,"column":34}},{"start":{"line":80,"column":38},"end":{"line":80,"column":40}}],"line":80},"4":{"loc":{"start":{"line":93,"column":4},"end":{"line":93,"column":73}},"type":"if","locations":[{"start":{"line":93,"column":4},"end":{"line":93,"column":73}},{"start":{},"end":{}}],"line":93},"5":{"loc":{"start":{"line":121,"column":4},"end":{"line":121,"column":76}},"type":"if","locations":[{"start":{"line":121,"column":4},"end":{"line":121,"column":76}},{"start":{},"end":{}}],"line":121},"6":{"loc":{"start":{"line":131,"column":4},"end":{"line":133,"column":5}},"type":"if","locations":[{"start":{"line":131,"column":4},"end":{"line":133,"column":5}},{"start":{},"end":{}}],"line":131},"7":{"loc":{"start":{"line":131,"column":8},"end":{"line":131,"column":82}},"type":"binary-expr","locations":[{"start":{"line":131,"column":8},"end":{"line":131,"column":42}},{"start":{"line":131,"column":46},"end":{"line":131,"column":82}}],"line":131},"8":{"loc":{"start":{"line":140,"column":20},"end":{"line":140,"column":47}},"type":"binary-expr","locations":[{"start":{"line":140,"column":20},"end":{"line":140,"column":41}},{"start":{"line":140,"column":45},"end":{"line":140,"column":47}}],"line":140},"9":{"loc":{"start":{"line":177,"column":4},"end":{"line":179,"column":5}},"type":"if","locations":[{"start":{"line":177,"column":4},"end":{"line":179,"column":5}},{"start":{},"end":{}}],"line":177},"10":{"loc":{"start":{"line":201,"column":76},"end":{"line":201,"column":98}},"type":"binary-expr","locations":[{"start":{"line":201,"column":76},"end":{"line":201,"column":90}},{"start":{"line":201,"column":94},"end":{"line":201,"column":98}}],"line":201},"11":{"loc":{"start":{"line":205,"column":16},"end":{"line":205,"column":49}},"type":"if","locations":[{"start":{"line":205,"column":16},"end":{"line":205,"column":49}},{"start":{},"end":{}}],"line":205},"12":{"loc":{"start":{"line":222,"column":20},"end":{"line":224,"column":21}},"type":"if","locations":[{"start":{"line":222,"column":20},"end":{"line":224,"column":21}},{"start":{},"end":{}}],"line":222},"13":{"loc":{"start":{"line":251,"column":20},"end":{"line":251,"column":33}},"type":"binary-expr","locations":[{"start":{"line":251,"column":20},"end":{"line":251,"column":25}},{"start":{"line":251,"column":29},"end":{"line":251,"column":33}}],"line":251}},"s":{"0":1,"1":1,"2":1,"3":1,"4":1,"5":1,"6":1,"7":1,"8":1,"9":1,"10":0,"11":0,"12":0,"13":0,"14":0,"15":0,"16":0,"17":0,"18":0,"19":0,"20":1,"21":0,"22":0,"23":0,"24":0,"25":0,"26":0,"27":0,"28":0,"29":0,"30":0,"31":0,"32":1,"33":1,"34":1,"35":0,"36":0,"37":0,"38":0,"39":0,"40":0,"41":0,"42":0,"43":0,"44":0,"45":0,"46":0,"47":1,"48":1,"49":1,"50":1,"51":1,"52":0,"53":1,"54":1,"55":1,"56":1,"57":1,"58":1,"59":3,"60":3,"61":3,"62":3,"63":0,"64":3,"65":3,"66":3,"67":3,"68":1,"69":2,"70":1,"71":1,"72":1,"73":0,"74":0,"75":0,"76":0,"77":1},"f":{"0":0,"1":0,"2":0,"3":0,"4":1,"5":3,"6":0},"b":{"0":[0,0],"1":[0,0],"2":[0,0],"3":[0,0],"4":[0,0],"5":[0,0],"6":[0,0],"7":[0,0],"8":[0,0],"9":[0,1],"10":[3,3],"11":[0,3],"12":[1,2],"13":[0,0]},"_coverageSchema":"1a1c01bbd47fc00a2c39e90264f33305004495a9","hash":"f087dd66acd66bc8846b319bfb6e040dd0b57f1f"}
}
