TN:
SF:src\routes\license.js
FN:20,(anonymous_0)
FN:71,(anonymous_1)
FN:88,generateHandshakeToken
FN:111,(anonymous_3)
FN:174,(anonymous_4)
FN:190,(anonymous_5)
FN:238,(anonymous_6)
FNF:7
FNH:2
FNDA:0,(anonymous_0)
FNDA:0,(anonymous_1)
FNDA:0,generateHandshakeToken
FNDA:0,(anonymous_3)
FNDA:1,(anonymous_4)
FNDA:3,(anonymous_5)
FNDA:0,(anonymous_6)
DA:3,1
DA:4,1
DA:5,1
DA:7,1
DA:8,1
DA:9,1
DA:10,1
DA:11,1
DA:16,1
DA:20,1
DA:21,0
DA:23,0
DA:34,0
DA:35,0
DA:38,0
DA:41,0
DA:42,0
DA:43,0
DA:47,0
DA:53,0
DA:71,1
DA:72,0
DA:74,0
DA:80,0
DA:89,0
DA:90,0
DA:91,0
DA:93,0
DA:95,0
DA:96,0
DA:101,0
DA:107,1
DA:110,1
DA:111,1
DA:112,0
DA:114,0
DA:120,0
DA:121,0
DA:124,0
DA:130,0
DA:131,0
DA:132,0
DA:135,0
DA:140,0
DA:142,0
DA:152,1
DA:174,1
DA:175,1
DA:176,1
DA:177,1
DA:178,0
DA:181,1
DA:182,1
DA:183,1
DA:185,1
DA:186,1
DA:188,1
DA:189,3
DA:190,3
DA:192,3
DA:205,3
DA:208,3
DA:209,3
DA:215,3
DA:222,3
DA:223,1
DA:228,2
DA:230,1
DA:234,1
DA:238,1
DA:239,0
DA:240,0
DA:242,0
DA:255,0
DA:258,1
LF:75
LH:39
BRDA:34,0,0,0
BRDA:34,0,1,0
BRDA:42,1,0,0
BRDA:42,1,1,0
BRDA:42,2,0,0
BRDA:42,2,1,0
BRDA:80,3,0,0
BRDA:80,3,1,0
BRDA:93,4,0,0
BRDA:93,4,1,0
BRDA:121,5,0,0
BRDA:121,5,1,0
BRDA:131,6,0,0
BRDA:131,6,1,0
BRDA:131,7,0,0
BRDA:131,7,1,0
BRDA:140,8,0,0
BRDA:140,8,1,0
BRDA:177,9,0,0
BRDA:177,9,1,1
BRDA:201,10,0,3
BRDA:201,10,1,3
BRDA:205,11,0,0
BRDA:205,11,1,3
BRDA:222,12,0,1
BRDA:222,12,1,2
BRDA:251,13,0,0
BRDA:251,13,1,0
BRF:28
BRH:6
end_of_record
